<?xml version="1.0" encoding="UTF-8"?>
<!-- Generated by org.testng.reporters.JUnitReportReporter -->
<testsuite skipped="0" hostname="HDC3-L-6K6R0X2" name="com.qa.testCases.NewCustomerTest" tests="1" failures="0" timestamp="12 Aug 2021 13:40:21 GMT" time="34.034" errors="0">
  <testcase name="createNewCustomerTest" time="34.034" classname="com.qa.testCases.NewCustomerTest"/>
</testsuite> <!-- com.qa.testCases.NewCustomerTest -->
