<?xml version="1.0" encoding="UTF-8"?>
<!-- Generated by org.testng.reporters.JUnitReportReporter -->
<testsuite skipped="0" hostname="HDC3-L-6K6R0X2" name="com.qa.testCases.LoginTest" tests="2" failures="0" timestamp="13 Aug 2021 11:13:33 GMT" time="22.650" errors="0">
  <testcase name="loginVerif2" time="10.034" classname="com.qa.testCases.LoginTest"/>
  <testcase name="loginVerify" time="12.616" classname="com.qa.testCases.LoginTest"/>
</testsuite> <!-- com.qa.testCases.LoginTest -->
