<?xml version="1.0" encoding="UTF-8"?>
<!-- Generated by org.testng.reporters.JUnitReportReporter -->
<testsuite skipped="0" hostname="HDC3-L-6K6R0X2" name="com.qa.testCases.NewAccountTest" tests="1" failures="0" timestamp="12 Aug 2021 13:40:21 GMT" time="33.001" errors="0">
  <testcase name="createNewAccount" time="33.001" classname="com.qa.testCases.NewAccountTest"/>
</testsuite> <!-- com.qa.testCases.NewAccountTest -->
